2025-02-22 10:16:17.260 +00:00 [INF] HTTP GET /swagger/swagger-ui.css responded 200 in 11.3243 ms
2025-02-22 10:16:17.260 +00:00 [INF] HTTP GET /swagger/swagger-ui-standalone-preset.js responded 200 in 8.8118 ms
2025-02-22 10:16:17.239 +00:00 [INF] HTTP GET /swagger/index.html responded 200 in 26.4200 ms
2025-02-22 10:16:17.250 +00:00 [INF] HTTP GET /swagger/index.js responded 200 in 1.0197 ms
2025-02-22 10:16:17.264 +00:00 [INF] HTTP GET /swagger/swagger-ui-bundle.js responded 200 in 12.7116 ms
2025-02-22 10:16:17.431 +00:00 [INF] HTTP GET /swagger/v1/swagger.json responded 200 in 41.5818 ms
2025-02-22 10:19:04.054 +00:00 [WRN] Failed to determine the https port for redirect.
2025-02-22 10:19:04.091 +00:00 [INF] HTTP GET /api/Alarms/analyze responded 200 in 42.5367 ms
2025-02-22 10:19:14.942 +00:00 [INF] HTTP GET /api/Alarms/analyze responded 200 in 5.1458 ms
2025-02-22 10:19:24.534 +00:00 [INF] HTTP GET /api/Alarms/analyze responded 200 in 0.9413 ms
2025-02-22 10:19:31.518 +00:00 [INF] HTTP GET /api/Alarms/analyze responded 200 in 0.5545 ms
2025-02-22 10:19:37.894 +00:00 [INF] HTTP GET /api/Alarms/analyze responded 200 in 0.7324 ms
2025-02-22 10:20:00.743 +00:00 [INF] HTTP GET /api/Alarms/analyze responded 200 in 0.3870 ms
2025-02-22 10:20:10.211 +00:00 [INF] HTTP GET /api/Alarms/analyze responded 200 in 0.3888 ms
2025-02-22 10:23:31.143 +00:00 [INF] HTTP GET /api/Alarms/analyze responded 200 in 0.3661 ms
 bind to address http://127.0.0.1:5000: address already in use.
 ---> Microsoft.AspNetCore.Connections.AddressInUseException: Address already in use
 ---> System.Net.Sockets.SocketException (48): Address already in use
   at System.Net.Sockets.Socket.DoBind(EndPoint endPointSnapshot, SocketAddress socketAddress)
   at System.Net.Sockets.Socket.Bind(EndPoint localEP)
   at Microsoft.AspNetCore.Server.Kestrel.Transport.Sockets.SocketTransportOptions.CreateDefaultBoundListenSocket(EndPoint endpoint)
   at Microsoft.AspNetCore.Server.Kestrel.Transport.Sockets.SocketConnectionListener.Bind()
   --- End of inner exception stack trace ---
   at Microsoft.AspNetCore.Server.Kestrel.Transport.Sockets.SocketConnectionListener.Bind()
   at Microsoft.AspNetCore.Server.Kestrel.Transport.Sockets.SocketTransportFactory.BindAsync(EndPoint endpoint, CancellationToken cancellationToken)
   at Microsoft.AspNetCore.Server.Kestrel.Core.Internal.Infrastructure.TransportManager.BindAsync(EndPoint endPoint, ConnectionDelegate connectionDelegate, EndpointConfig endpointConfig, CancellationToken cancellationToken)
   at Microsoft.AspNetCore.Server.Kestrel.Core.KestrelServerImpl.<>c__DisplayClass28_0`1.<<StartAsync>g__OnBind|0>d.MoveNext()
--- End of stack trace from previous location ---
   at Microsoft.AspNetCore.Server.Kestrel.Core.Internal.AddressBinder.BindEndpointAsync(ListenOptions endpoint, AddressBindContext context, CancellationToken cancellationToken)
   --- End of inner exception stack trace ---
   at Microsoft.AspNetCore.Server.Kestrel.Core.Internal.AddressBinder.BindEndpointAsync(ListenOptions endpoint, AddressBindContext context, CancellationToken cancellationToken)
   at Microsoft.AspNetCore.Server.Kestrel.Core.LocalhostListenOptions.BindAsync(AddressBindContext context, CancellationToken cancellationToken)
   at Microsoft.AspNetCore.Server.Kestrel.Core.Internal.AddressBinder.AddressesStrategy.BindAsync(AddressBindContext context, CancellationToken cancellationToken)
   at Microsoft.AspNetCore.Server.Kestrel.Core.KestrelServerImpl.BindAsync(CancellationToken cancellationToken)
   at Microsoft.AspNetCore.Server.Kestrel.Core.KestrelServerImpl.StartAsync[TContext](IHttpApplication`1 application, CancellationToken cancellationToken)
   at Microsoft.AspNetCore.Hosting.GenericWebHostService.StartAsync(CancellationToken cancellationToken)
   at Microsoft.Extensions.Hosting.Internal.Host.<StartAsync>b__14_1(IHostedService service, CancellationToken token)
   at Microsoft.Extensions.Hosting.Internal.Host.ForeachService[T](IEnumerable`1 services, CancellationToken token, Boolean concurrent, Boolean abortOnFirstException, List`1 exceptions, Func`3 operation)
2025-02-22 10:27:42.077 +00:00 [ERR] Hosting failed to start
System.IO.IOException: Failed to bind to address http://127.0.0.1:5000: address already in use.
 ---> Microsoft.AspNetCore.Connections.AddressInUseException: Address already in use
 ---> System.Net.Sockets.SocketException (48): Address already in use
   at System.Net.Sockets.Socket.DoBind(EndPoint endPointSnapshot, SocketAddress socketAddress)
   at System.Net.Sockets.Socket.Bind(EndPoint localEP)
   at Microsoft.AspNetCore.Server.Kestrel.Transport.Sockets.SocketTransportOptions.CreateDefaultBoundListenSocket(EndPoint endpoint)
   at Microsoft.AspNetCore.Server.Kestrel.Transport.Sockets.SocketConnectionListener.Bind()
   --- End of inner exception stack trace ---
   at Microsoft.AspNetCore.Server.Kestrel.Transport.Sockets.SocketConnectionListener.Bind()
   at Microsoft.AspNetCore.Server.Kestrel.Transport.Sockets.SocketTransportFactory.BindAsync(EndPoint endpoint, CancellationToken cancellationToken)
   at Microsoft.AspNetCore.Server.Kestrel.Core.Internal.Infrastructure.TransportManager.BindAsync(EndPoint endPoint, ConnectionDelegate connectionDelegate, EndpointConfig endpointConfig, CancellationToken cancellationToken)
   at Microsoft.AspNetCore.Server.Kestrel.Core.KestrelServerImpl.<>c__DisplayClass28_0`1.<<StartAsync>g__OnBind|0>d.MoveNext()
--- End of stack trace from previous location ---
   at Microsoft.AspNetCore.Server.Kestrel.Core.Internal.AddressBinder.BindEndpointAsync(ListenOptions endpoint, AddressBindContext context, CancellationToken cancellationToken)
   --- End of inner exception stack trace ---
   at Microsoft.AspNetCore.Server.Kestrel.Core.Internal.AddressBinder.BindEndpointAsync(ListenOptions endpoint, AddressBindContext context, CancellationToken cancellationToken)
   at Microsoft.AspNetCore.Server.Kestrel.Core.LocalhostListenOptions.BindAsync(AddressBindContext context, CancellationToken cancellationToken)
   at Microsoft.AspNetCore.Server.Kestrel.Core.Internal.AddressBinder.AddressesStrategy.BindAsync(AddressBindContext context, CancellationToken cancellationToken)
   at Microsoft.AspNetCore.Server.Kestrel.Core.KestrelServerImpl.BindAsync(CancellationToken cancellationToken)
   at Microsoft.AspNetCore.Server.Kestrel.Core.KestrelServerImpl.StartAsync[TContext](IHttpApplication`1 application, CancellationToken cancellationToken)
   at Microsoft.AspNetCore.Hosting.GenericWebHostService.StartAsync(CancellationToken cancellationToken)
   at Microsoft.Extensions.Hosting.Internal.Host.<StartAsync>b__14_1(IHostedService service, CancellationToken token)
   at Microsoft.Extensions.Hosting.Internal.Host.ForeachService[T](IEnumerable`1 services, CancellationToken token, Boolean concurrent, Boolean abortOnFirstException, List`1 exceptions, Func`3 operation)
2025-02-22 10:29:19.216 +00:00 [WRN] Failed to determine the https port for redirect.
2025-02-22 10:30:13.658 +00:00 [INF] HTTP GET /api/Alarms/analyze responded 200 in 54450.3769 ms
2025-02-22 10:42:22.349 +00:00 [WRN] Failed to determine the https port for redirect.
2025-02-22 10:44:41.128 +00:00 [INF] HTTP GET /api/Alarms/analyze responded 200 in 138787.7450 ms
2025-02-22 10:58:42.341 +00:00 [INF] HTTP GET /swagger/index.html responded 200 in 28.8080 ms
2025-02-22 10:58:42.363 +00:00 [INF] HTTP GET /swagger/index.js responded 200 in 0.8787 ms
2025-02-22 10:58:42.531 +00:00 [INF] HTTP GET /swagger/v1/swagger.json responded 200 in 40.4459 ms
2025-02-22 10:58:51.567 +00:00 [WRN] Failed to determine the https port for redirect.
2025-02-22 10:58:51.606 +00:00 [INF] HTTP GET /api/Alarms/analyze responded 200 in 45.5463 ms
2025-02-22 10:59:02.382 +00:00 [INF] HTTP GET /api/Alarms/analyze responded 200 in 4.3683 ms
2025-02-22 10:59:09.362 +00:00 [INF] HTTP GET /api/Alarms/analyze responded 200 in 0.7916 ms
2025-02-22 10:59:15.769 +00:00 [INF] HTTP GET /api/Alarms/analyze responded 200 in 0.8541 ms
2025-02-22 10:59:20.480 +00:00 [INF] HTTP GET /api/Alarms/analyze responded 200 in 0.4454 ms
2025-02-22 10:59:41.539 +00:00 [INF] HTTP GET /api/Alarms/analyze responded 200 in 0.8360 ms
2025-02-22 11:00:00.665 +00:00 [INF] HTTP GET /api/Alarms/analyze responded 200 in 0.3815 ms
2025-02-22 11:00:04.297 +00:00 [INF] HTTP GET /api/Alarms/analyze responded 200 in 0.4704 ms
2025-02-22 11:00:14.290 +00:00 [INF] HTTP GET /api/Alarms/analyze responded 200 in 0.4513 ms
2025-02-22 11:00:17.904 +00:00 [INF] HTTP GET /api/Alarms/analyze responded 200 in 0.7785 ms
2025-02-22 11:00:21.256 +00:00 [INF] HTTP GET /api/Alarms/analyze responded 200 in 0.4788 ms
2025-02-22 11:00:29.951 +00:00 [INF] HTTP GET /api/Alarms/analyze responded 200 in 0.7315 ms
2025-02-22 11:00:34.657 +00:00 [INF] HTTP GET /api/Alarms/analyze responded 200 in 0.6753 ms
2025-02-22 11:01:50.371 +00:00 [WRN] Failed to determine the https port for redirect.
2025-02-22 11:01:50.428 +00:00 [INF] HTTP GET /api/Alarms/analyze responded 200 in 66.4903 ms
2025-02-22 11:02:04.272 +00:00 [INF] HTTP GET /api/Alarms/analyze responded 200 in 3.2585 ms
2025-02-22 11:02:10.004 +00:00 [INF] HTTP GET /api/Alarms/analyze responded 200 in 1.7516 ms
2025-02-22 11:02:21.352 +00:00 [INF] HTTP GET /api/Alarms/analyze responded 200 in 0.9230 ms
2025-02-22 11:02:30.328 +00:00 [INF] HTTP GET /api/Alarms/analyze responded 200 in 0.4978 ms
2025-02-22 11:02:37.786 +00:00 [INF] HTTP GET /api/Alarms/analyze responded 200 in 0.7103 ms
2025-02-22 11:02:48.893 +00:00 [INF] HTTP GET /api/Alarms/analyze responded 200 in 0.5193 ms
2025-02-22 11:03:00.399 +00:00 [INF] HTTP GET /api/Alarms/analyze responded 200 in 0.7059 ms
2025-02-22 11:03:06.823 +00:00 [INF] HTTP GET /api/Alarms/analyze responded 200 in 0.7818 ms
2025-02-22 11:05:59.059 +00:00 [WRN] Failed to determine the https port for redirect.
2025-02-22 11:05:59.118 +00:00 [INF] HTTP GET /api/Alarms/analyze responded 200 in 66.7107 ms
2025-02-22 11:06:11.731 +00:00 [INF] HTTP GET /api/Alarms/analyze responded 200 in 2.4700 ms
2025-02-22 11:06:15.927 +00:00 [INF] HTTP GET /api/Alarms/analyze responded 200 in 1.3410 ms
2025-02-22 12:08:01.310 +00:00 [WRN] Failed to determine the https port for redirect.
2025-02-22 12:08:01.370 +00:00 [INF] HTTP GET /api/Alarms/analyze responded 200 in 67.7697 ms
2025-02-22 12:11:15.459 +00:00 [WRN] Failed to determine the https port for redirect.
2025-02-22 12:11:15.519 +00:00 [INF] HTTP GET /api/Alarms/analyze responded 200 in 68.1894 ms
2025-02-22 12:12:10.281 +00:00 [INF] HTTP GET /api/Alarms/analyze responded 200 in 2.8083 ms
2025-02-22 12:12:15.497 +00:00 [INF] HTTP GET /api/Alarms/analyze responded 200 in 1.8243 ms
2025-02-22 12:12:18.375 +00:00 [INF] HTTP GET /api/Alarms/analyze responded 200 in 0.7901 ms
2025-02-22 12:12:24.223 +00:00 [INF] HTTP GET /api/Alarms/analyze responded 200 in 0.3994 ms
2025-02-22 12:12:30.940 +00:00 [INF] HTTP GET /api/Alarms/analyze responded 200 in 0.6710 ms
2025-02-22 12:12:35.359 +00:00 [INF] HTTP GET /api/Alarms/analyze responded 200 in 0.7108 ms
2025-02-22 12:12:38.898 +00:00 [INF] HTTP GET /api/Alarms/analyze responded 200 in 1.1568 ms
2025-02-22 12:13:01.086 +00:00 [INF] HTTP GET /api/Alarms/analyze responded 200 in 0.4055 ms
2025-02-22 12:13:50.145 +00:00 [INF] HTTP GET /api/Alarms/analyze responded 200 in 0.6672 ms
2025-02-22 12:13:57.551 +00:00 [INF] HTTP GET /api/Alarms/analyze responded 200 in 0.7581 ms
2025-02-22 12:14:22.679 +00:00 [INF] HTTP GET /api/Alarms/analyze responded 200 in 0.6827 ms
2025-02-22 12:14:32.573 +00:00 [INF] HTTP GET /api/Alarms/analyze responded 200 in 0.3394 ms
2025-02-22 12:14:36.793 +00:00 [INF] HTTP GET /api/Alarms/analyze responded 200 in 0.7268 ms
2025-02-22 12:14:41.142 +00:00 [INF] HTTP GET /api/Alarms/analyze responded 200 in 0.7652 ms
2025-02-22 12:19:26.236 +00:00 [WRN] Failed to determine the https port for redirect.
2025-02-22 12:20:17.331 +00:00 [INF] HTTP GET /api/Alarms/analyze responded 200 in 51101.9381 ms
2025-02-22 13:09:09.226 +00:00 [INF] HTTP GET /api/Alarms/analyze responded 200 in 42.1597 ms
2025-02-22 13:09:26.254 +00:00 [INF] HTTP GET /api/Alarms/analyze responded 200 in 2.2114 ms
2025-02-22 13:09:32.812 +00:00 [INF] HTTP GET /api/Alarms/analyze responded 200 in 0.8048 ms
2025-02-22 13:09:47.694 +00:00 [INF] HTTP GET /api/Alarms/analyze responded 200 in 28.3795 ms
2025-02-22 13:09:52.699 +00:00 [INF] HTTP GET /api/Alarms/analyze responded 200 in 0.7907 ms
2025-02-22 13:09:58.267 +00:00 [INF] HTTP GET /api/Alarms/analyze responded 200 in 0.8954 ms
2025-02-22 13:10:01.482 +00:00 [INF] HTTP GET /api/Alarms/analyze responded 200 in 0.7112 ms
2025-02-22 13:10:05.971 +00:00 [INF] HTTP GET /api/Alarms/analyze responded 200 in 0.8081 ms
2025-02-22 13:12:09.597 +00:00 [INF] HTTP GET /api/Alarms/analyze responded 200 in 86620.2183 ms
2025-02-22 13:13:08.625 +00:00 [INF] HTTP GET /api/Alarms/analyze responded 200 in 20127.1233 ms
2025-02-22 13:14:34.579 +00:00 [INF] HTTP GET /api/Alarms/analyze responded 200 in 72596.4113 ms
2025-02-22 13:20:58.969 +00:00 [WRN] Failed to determine the https port for redirect.
2025-02-22 13:20:59.033 +00:00 [INF] HTTP GET /api/Alarms/analyze responded 200 in 72.9206 ms
2025-02-22 13:21:13.032 +00:00 [INF] HTTP GET /api/Alarms/analyze responded 200 in 1.9897 ms
2025-02-22 13:21:46.109 +00:00 [WRN] Failed to determine the https port for redirect.
2025-02-22 13:21:46.162 +00:00 [INF] HTTP GET /api/Alarms/analyze responded 200 in 60.9100 ms
2025-02-22 13:21:47.619 +00:00 [INF] HTTP GET /api/Alarms/analyze responded 200 in 1.1775 ms
2025-02-22 13:21:51.132 +00:00 [INF] HTTP GET /api/Alarms/analyze responded 200 in 1.1347 ms
2025-02-22 13:21:52.124 +00:00 [INF] HTTP GET /api/Alarms/analyze responded 200 in 0.7841 ms
2025-02-22 13:22:08.253 +00:00 [INF] HTTP GET /api/Alarms/analyze responded 200 in 1.0848 ms
2025-02-22 13:22:09.635 +00:00 [INF] HTTP GET /api/Alarms/analyze responded 200 in 0.8072 ms
2025-02-22 13:25:24.016 +00:00 [WRN] Failed to determine the https port for redirect.
2025-02-22 13:30:52.772 +00:00 [WRN] Failed to determine the https port for redirect.
2025-02-22 13:31:13.832 +00:00 [INF] HTTP GET /api/Alarms/analyze responded 200 in 21067.6949 ms
2025-02-22 13:33:02.594 +00:00 [WRN] Failed to determine the https port for redirect.
2025-02-22 13:33:19.094 +00:00 [INF] HTTP GET /api/Alarms/analyze responded 200 in 16507.7827 ms
2025-02-22 13:33:43.497 +00:00 [WRN] Failed to determine the https port for redirect.
2025-02-22 13:33:43.558 +00:00 [INF] HTTP GET /api/Alarms/analyze responded 200 in 70.5116 ms
2025-02-22 13:33:55.918 +00:00 [INF] HTTP GET /api/Alarms/analyze responded 200 in 2.2951 ms
2025-02-22 13:34:00.703 +00:00 [INF] HTTP GET /api/Alarms/analyze responded 200 in 1.2735 ms
2025-02-22 13:34:05.461 +00:00 [INF] HTTP GET /api/Alarms/analyze responded 200 in 0.7730 ms
2025-02-22 13:34:09.542 +00:00 [INF] HTTP GET /api/Alarms/analyze responded 200 in 0.7635 ms
2025-02-22 13:34:14.331 +00:00 [INF] HTTP GET /api/Alarms/analyze responded 200 in 0.7313 ms
2025-02-22 13:34:18.583 +00:00 [INF] HTTP GET /api/Alarms/analyze responded 200 in 0.7610 ms
2025-02-22 13:34:25.423 +00:00 [INF] HTTP GET /api/Alarms/analyze responded 200 in 0.7091 ms
2025-02-22 13:34:46.835 +00:00 [INF] HTTP GET /api/Alarms/analyze responded 200 in 0.6288 ms
2025-02-22 13:34:50.638 +00:00 [INF] HTTP GET /api/Alarms/analyze responded 200 in 0.7393 ms
2025-02-22 13:34:54.599 +00:00 [INF] HTTP GET /api/Alarms/analyze responded 200 in 0.8191 ms
2025-02-22 13:35:02.510 +00:00 [INF] HTTP GET /api/Alarms/analyze responded 200 in 0.7668 ms
2025-02-22 13:35:14.749 +00:00 [INF] HTTP GET /api/Alarms/analyze responded 200 in 0.4928 ms
2025-02-22 13:35:18.698 +00:00 [INF] HTTP GET /api/Alarms/analyze responded 200 in 0.4821 ms
2025-02-22 13:35:23.701 +00:00 [INF] HTTP GET /api/Alarms/analyze responded 200 in 0.7496 ms
2025-02-22 13:35:29.300 +00:00 [INF] HTTP GET /api/Alarms/analyze responded 200 in 0.4955 ms
2025-02-22 13:35:34.043 +00:00 [INF] HTTP GET /api/Alarms/analyze responded 200 in 0.9193 ms
2025-02-22 13:35:54.725 +00:00 [INF] HTTP GET /api/Alarms/analyze responded 200 in 0.5590 ms
2025-02-22 13:39:04.207 +00:00 [INF] HTTP GET /api/Alarms/analyze responded 200 in 0.6212 ms
2025-02-22 13:39:13.339 +00:00 [INF] HTTP GET /api/Alarms/analyze responded 200 in 0.6463 ms
2025-02-22 13:42:35.841 +00:00 [WRN] Failed to determine the https port for redirect.
2025-02-22 13:42:35.894 +00:00 [INF] HTTP GET /api/Alarms/analyze responded 200 in 62.0185 ms
2025-02-22 13:42:45.865 +00:00 [INF] HTTP GET /api/Alarms/analyze responded 200 in 2.7280 ms
2025-02-22 13:42:53.841 +00:00 [INF] HTTP GET /api/Alarms/analyze responded 200 in 1.8226 ms
2025-02-22 13:42:58.666 +00:00 [INF] HTTP GET /api/Alarms/analyze responded 200 in 0.9217 ms
2025-02-22 13:43:04.317 +00:00 [INF] HTTP GET /api/Alarms/analyze responded 200 in 0.5654 ms
2025-02-22 13:43:16.537 +00:00 [INF] HTTP GET /api/Alarms/analyze responded 200 in 0.5678 ms
2025-02-22 13:43:21.674 +00:00 [INF] HTTP GET /api/Alarms/analyze responded 200 in 0.9779 ms
2025-02-22 13:43:27.346 +00:00 [INF] HTTP GET /api/Alarms/analyze responded 200 in 0.9669 ms
2025-02-22 13:43:33.074 +00:00 [INF] HTTP GET /api/Alarms/analyze responded 200 in 0.8486 ms
2025-02-22 13:43:36.721 +00:00 [INF] HTTP GET /api/Alarms/analyze responded 200 in 0.8268 ms
2025-02-22 13:43:45.216 +00:00 [INF] HTTP GET /api/Alarms/analyze responded 200 in 0.7667 ms
2025-02-22 13:43:48.296 +00:00 [INF] HTTP GET /api/Alarms/analyze responded 200 in 0.5035 ms
2025-02-22 13:43:52.848 +00:00 [INF] HTTP GET /api/Alarms/analyze responded 200 in 0.6805 ms
2025-02-22 13:44:29.251 +00:00 [INF] HTTP GET /api/Alarms/analyze responded 200 in 0.7475 ms
2025-02-22 13:53:43.146 +00:00 [WRN] Failed to determine the https port for redirect.
2025-02-22 13:55:25.775 +00:00 [WRN] Failed to determine the https port for redirect.
2025-02-22 13:55:41.078 +00:00 [INF] HTTP GET /api/Alarms/analyze responded 200 in 15301.3831 ms
2025-02-22 13:56:13.155 +00:00 [INF] HTTP GET /api/Alarms/analyze responded 200 in 4619.1512 ms
2025-02-22 13:56:42.874 +00:00 [INF] HTTP GET /api/Alarms/analyze responded 200 in 13161.8164 ms
2025-02-22 14:16:13.065 +00:00 [INF] HTTP GET /api/Alarms/analyze responded 200 in 5618.7849 ms
2025-02-22 14:18:11.292 +00:00 [ERR] Hosting failed to start
System.IO.IOException: Failed to bind to address http://127.0.0.1:5000: address already in use.
 ---> Microsoft.AspNetCore.Connections.AddressInUseException: Address already in use
 ---> System.Net.Sockets.SocketException (48): Address already in use
   at System.Net.Sockets.Socket.DoBind(EndPoint endPointSnapshot, SocketAddress socketAddress)
   at System.Net.Sockets.Socket.Bind(EndPoint localEP)
   at Microsoft.AspNetCore.Server.Kestrel.Transport.Sockets.SocketTransportOptions.CreateDefaultBoundListenSocket(EndPoint endpoint)
   at Microsoft.AspNetCore.Server.Kestrel.Transport.Sockets.SocketConnectionListener.Bind()
   --- End of inner exception stack trace ---
   at Microsoft.AspNetCore.Server.Kestrel.Transport.Sockets.SocketConnectionListener.Bind()
   at Microsoft.AspNetCore.Server.Kestrel.Transport.Sockets.SocketTransportFactory.BindAsync(EndPoint endpoint, CancellationToken cancellationToken)
   at Microsoft.AspNetCore.Server.Kestrel.Core.Internal.Infrastructure.TransportManager.BindAsync(EndPoint endPoint, ConnectionDelegate connectionDelegate, EndpointConfig endpointConfig, CancellationToken cancellationToken)
   at Microsoft.AspNetCore.Server.Kestrel.Core.KestrelServerImpl.<>c__DisplayClass28_0`1.<<StartAsync>g__OnBind|0>d.MoveNext()
--- End of stack trace from previous location ---
   at Microsoft.AspNetCore.Server.Kestrel.Core.Internal.AddressBinder.BindEndpointAsync(ListenOptions endpoint, AddressBindContext context, CancellationToken cancellationToken)
   --- End of inner exception stack trace ---
   at Microsoft.AspNetCore.Server.Kestrel.Core.Internal.AddressBinder.BindEndpointAsync(ListenOptions endpoint, AddressBindContext context, CancellationToken cancellationToken)
   at Microsoft.AspNetCore.Server.Kestrel.Core.LocalhostListenOptions.BindAsync(AddressBindContext context, CancellationToken cancellationToken)
   at Microsoft.AspNetCore.Server.Kestrel.Core.Internal.AddressBinder.AddressesStrategy.BindAsync(AddressBindContext context, CancellationToken cancellationToken)
   at Microsoft.AspNetCore.Server.Kestrel.Core.KestrelServerImpl.BindAsync(CancellationToken cancellationToken)
   at Microsoft.AspNetCore.Server.Kestrel.Core.KestrelServerImpl.StartAsync[TContext](IHttpApplication`1 application, CancellationToken cancellationToken)
   at Microsoft.AspNetCore.Hosting.GenericWebHostService.StartAsync(CancellationToken cancellationToken)
   at Microsoft.Extensions.Hosting.Internal.Host.<StartAsync>b__14_1(IHostedService service, CancellationToken token)
   at Microsoft.Extensions.Hosting.Internal.Host.ForeachService[T](IEnumerable`1 services, CancellationToken token, Boolean concurrent, Boolean abortOnFirstException, List`1 exceptions, Func`3 operation)
2025-02-22 14:22:12.743 +00:00 [INF] HTTP GET /swagger/index.html responded 200 in 24.7635 ms
2025-02-22 14:22:12.757 +00:00 [INF] HTTP GET /swagger/index.js responded 200 in 1.3306 ms
2025-02-22 14:22:12.933 +00:00 [INF] HTTP GET /swagger/v1/swagger.json responded 200 in 45.8609 ms
2025-02-22 14:23:28.132 +00:00 [WRN] Failed to determine the https port for redirect.
2025-02-22 14:23:28.169 +00:00 [INF] HTTP GET /api/Alarms/analyze responded 200 in 43.2972 ms
2025-02-22 14:23:35.617 +00:00 [INF] HTTP GET /api/Alarms/analyze responded 200 in 7.8945 ms
2025-02-22 14:23:38.975 +00:00 [INF] HTTP GET /api/Alarms/analyze responded 200 in 0.6273 ms
2025-02-22 14:23:44.439 +00:00 [INF] HTTP GET /api/Alarms/analyze responded 200 in 10.7071 ms
2025-02-22 14:23:51.536 +00:00 [INF] HTTP GET /api/Alarms/analyze responded 200 in 0.6785 ms
2025-02-22 14:24:27.225 +00:00 [INF] HTTP GET /api/Alarms/analyze responded 200 in 0.4270 ms
2025-02-22 14:24:32.927 +00:00 [INF] HTTP GET /api/Alarms/analyze responded 200 in 0.4108 ms
2025-02-22 14:24:37.856 +00:00 [INF] HTTP GET /api/Alarms/analyze responded 200 in 0.8589 ms
2025-02-22 14:24:53.933 +00:00 [INF] HTTP GET /api/Alarms/analyze responded 200 in 0.4956 ms
2025-02-22 14:24:58.213 +00:00 [INF] HTTP GET /api/Alarms/analyze responded 200 in 6.9778 ms
2025-02-22 14:25:10.635 +00:00 [INF] HTTP GET /api/Alarms/analyze responded 200 in 0.3583 ms
2025-02-22 14:25:19.135 +00:00 [INF] HTTP GET /api/Alarms/analyze responded 200 in 8.4393 ms
2025-02-22 14:25:27.318 +00:00 [INF] HTTP GET /api/Alarms/analyze responded 200 in 0.7400 ms
2025-02-22 14:25:31.414 +00:00 [INF] HTTP GET /api/Alarms/analyze responded 200 in 0.3557 ms
2025-02-22 14:25:35.711 +00:00 [INF] HTTP GET /api/Alarms/analyze responded 200 in 0.7050 ms
2025-02-22 14:25:42.042 +00:00 [INF] HTTP GET /api/Alarms/analyze responded 200 in 0.5540 ms
2025-02-22 14:25:45.519 +00:00 [INF] HTTP GET /api/Alarms/analyze responded 200 in 0.8811 ms
2025-02-22 14:25:51.302 +00:00 [INF] HTTP GET /api/Alarms/analyze responded 200 in 0.8048 ms
2025-02-22 14:25:55.849 +00:00 [INF] HTTP GET /api/Alarms/analyze responded 200 in 5.6076 ms
2025-02-22 14:26:12.500 +00:00 [INF] HTTP GET /api/Alarms/analyze responded 200 in 0.3878 ms
2025-02-22 14:26:19.025 +00:00 [INF] HTTP GET /api/Alarms/analyze responded 200 in 1.0873 ms
2025-02-22 14:26:27.488 +00:00 [INF] HTTP GET /api/Alarms/analyze responded 200 in 0.5167 ms
2025-02-22 14:26:31.525 +00:00 [INF] HTTP GET /api/Alarms/analyze responded 200 in 0.8783 ms
2025-02-22 14:26:35.989 +00:00 [INF] HTTP GET /api/Alarms/analyze responded 200 in 0.4837 ms
2025-02-22 14:28:32.720 +00:00 [INF] HTTP GET /api/Alarms/analyze responded 200 in 0.5845 ms
2025-02-22 14:28:38.551 +00:00 [INF] HTTP GET /api/Alarms/analyze responded 200 in 0.6375 ms
2025-02-22 14:28:41.781 +00:00 [INF] HTTP GET /api/Alarms/analyze responded 200 in 0.7780 ms
2025-02-22 14:28:47.743 +00:00 [INF] HTTP GET /api/Alarms/analyze responded 200 in 0.5330 ms
2025-02-22 14:29:01.691 +00:00 [INF] HTTP GET /api/Alarms/analyze responded 200 in 0.3477 ms
2025-02-22 14:32:04.254 +00:00 [WRN] Failed to determine the https port for redirect.
2025-02-22 14:33:03.533 +00:00 [INF] HTTP GET /api/Alarms/analyze responded 200 in 59286.5422 ms
2025-02-22 14:46:12.737 +00:00 [INF] HTTP GET /swagger/index.html responded 200 in 28.3513 ms
2025-02-22 14:46:12.750 +00:00 [INF] HTTP GET /swagger/index.js responded 200 in 1.2613 ms
2025-02-22 14:46:12.911 +00:00 [INF] HTTP GET /swagger/v1/swagger.json responded 200 in 45.5561 ms
2025-02-22 14:46:37.231 +00:00 [WRN] Failed to determine the https port for redirect.
2025-02-22 14:46:37.267 +00:00 [INF] HTTP GET /api/Alarms/analyze responded 200 in 41.8075 ms
2025-02-22 14:46:47.778 +00:00 [INF] HTTP GET /api/Alarms/analyze responded 200 in 1.3612 ms
2025-02-22 14:46:54.363 +00:00 [INF] HTTP GET /api/Alarms/analyze responded 200 in 1.0827 ms
2025-02-22 14:46:59.044 +00:00 [INF] HTTP GET /api/Alarms/analyze responded 200 in 0.7945 ms
2025-02-22 14:47:17.486 +00:00 [INF] HTTP GET /api/Alarms/analyze responded 200 in 0.5939 ms
2025-02-22 14:47:22.449 +00:00 [INF] HTTP GET /api/Alarms/analyze responded 200 in 0.6254 ms
2025-02-22 14:47:28.248 +00:00 [INF] HTTP GET /api/Alarms/analyze responded 200 in 0.4128 ms
2025-02-22 14:47:31.920 +00:00 [INF] HTTP GET /api/Alarms/analyze responded 200 in 0.8245 ms
2025-02-22 14:47:35.995 +00:00 [INF] HTTP GET /api/Alarms/analyze responded 200 in 0.4279 ms
2025-02-22 14:47:40.025 +00:00 [INF] HTTP GET /api/Alarms/analyze responded 200 in 0.4900 ms
2025-02-22 14:47:56.352 +00:00 [INF] HTTP GET /api/Alarms/analyze responded 200 in 0.7480 ms
2025-02-22 15:22:57.826 +00:00 [INF] HTTP GET /swagger/index.html responded 200 in 29.7425 ms
2025-02-22 15:22:57.851 +00:00 [INF] HTTP GET /swagger/index.js responded 200 in 0.7726 ms
2025-02-22 15:22:58.036 +00:00 [INF] HTTP GET /swagger/v1/swagger.json responded 200 in 57.3131 ms
2025-02-22 15:23:16.245 +00:00 [WRN] Failed to determine the https port for redirect.
2025-02-22 15:23:16.262 +00:00 [ERR] HTTP POST /api/PlantPerformance/determinezone responded 500 in 22.9203 ms
System.InvalidOperationException: Unable to resolve service for type 'MacSolutions.Application.Services.PerformanceZoneService' while attempting to activate 'MacSolutions.API.Controllers.PlantPerformanceController'.
   at Microsoft.Extensions.DependencyInjection.ActivatorUtilities.ThrowHelperUnableToResolveService(Type type, Type requiredBy)
   at lambda_method3(Closure, IServiceProvider, Object[])
   at Microsoft.AspNetCore.Mvc.Controllers.ControllerFactoryProvider.<>c__DisplayClass6_0.<CreateControllerFactory>g__CreateController|0(ControllerContext controllerContext)
   at Microsoft.AspNetCore.Mvc.Infrastructure.ControllerActionInvoker.Next(State& next, Scope& scope, Object& state, Boolean& isCompleted)
   at Microsoft.AspNetCore.Mvc.Infrastructure.ControllerActionInvoker.InvokeInnerFilterAsync()
--- End of stack trace from previous location ---
   at Microsoft.AspNetCore.Mvc.Infrastructure.ResourceInvoker.<InvokeFilterPipelineAsync>g__Awaited|20_0(ResourceInvoker invoker, Task lastTask, State next, Scope scope, Object state, Boolean isCompleted)
   at Microsoft.AspNetCore.Mvc.Infrastructure.ResourceInvoker.<InvokeAsync>g__Awaited|17_0(ResourceInvoker invoker, Task task, IDisposable scope)
   at Microsoft.AspNetCore.Mvc.Infrastructure.ResourceInvoker.<InvokeAsync>g__Awaited|17_0(ResourceInvoker invoker, Task task, IDisposable scope)
   at Swashbuckle.AspNetCore.SwaggerUI.SwaggerUIMiddleware.Invoke(HttpContext httpContext)
   at Swashbuckle.AspNetCore.Swagger.SwaggerMiddleware.Invoke(HttpContext httpContext, ISwaggerProvider swaggerProvider)
   at Serilog.AspNetCore.RequestLoggingMiddleware.Invoke(HttpContext httpContext)
2025-02-22 15:23:16.272 +00:00 [ERR] Unable to resolve service for type 'MacSolutions.Application.Services.PerformanceZoneService' while attempting to activate 'MacSolutions.API.Controllers.PlantPerformanceController'.
System.InvalidOperationException: Unable to resolve service for type 'MacSolutions.Application.Services.PerformanceZoneService' while attempting to activate 'MacSolutions.API.Controllers.PlantPerformanceController'.
   at Microsoft.Extensions.DependencyInjection.ActivatorUtilities.ThrowHelperUnableToResolveService(Type type, Type requiredBy)
   at lambda_method3(Closure, IServiceProvider, Object[])
   at Microsoft.AspNetCore.Mvc.Controllers.ControllerFactoryProvider.<>c__DisplayClass6_0.<CreateControllerFactory>g__CreateController|0(ControllerContext controllerContext)
   at Microsoft.AspNetCore.Mvc.Infrastructure.ControllerActionInvoker.Next(State& next, Scope& scope, Object& state, Boolean& isCompleted)
   at Microsoft.AspNetCore.Mvc.Infrastructure.ControllerActionInvoker.InvokeInnerFilterAsync()
--- End of stack trace from previous location ---
   at Microsoft.AspNetCore.Mvc.Infrastructure.ResourceInvoker.<InvokeFilterPipelineAsync>g__Awaited|20_0(ResourceInvoker invoker, Task lastTask, State next, Scope scope, Object state, Boolean isCompleted)
   at Microsoft.AspNetCore.Mvc.Infrastructure.ResourceInvoker.<InvokeAsync>g__Awaited|17_0(ResourceInvoker invoker, Task task, IDisposable scope)
   at Microsoft.AspNetCore.Mvc.Infrastructure.ResourceInvoker.<InvokeAsync>g__Awaited|17_0(ResourceInvoker invoker, Task task, IDisposable scope)
   at Swashbuckle.AspNetCore.SwaggerUI.SwaggerUIMiddleware.Invoke(HttpContext httpContext)
   at Swashbuckle.AspNetCore.Swagger.SwaggerMiddleware.Invoke(HttpContext httpContext, ISwaggerProvider swaggerProvider)
   at Serilog.AspNetCore.RequestLoggingMiddleware.Invoke(HttpContext httpContext)
   at MacSolutions.API.Middlewares.ErrorHandlingMiddleware.InvokeAsync(HttpContext context, RequestDelegate next) in /Users/manjula/SandBox/MAC_Assignment/MacSolutions.API/Middlewares/ErrorHandlingMiddleware.cs:line 11
2025-02-22 15:26:01.873 +00:00 [WRN] Failed to determine the https port for redirect.
2025-02-22 15:26:01.912 +00:00 [ERR] HTTP POST /api/PlantPerformance/determinezone responded 500 in 45.9624 ms
System.InvalidOperationException: Unable to resolve service for type 'MacSolutions.Application.Services.PerformanceZoneService' while attempting to activate 'MacSolutions.API.Controllers.PlantPerformanceController'.
   at Microsoft.Extensions.DependencyInjection.ActivatorUtilities.ThrowHelperUnableToResolveService(Type type, Type requiredBy)
   at lambda_method3(Closure, IServiceProvider, Object[])
   at Microsoft.AspNetCore.Mvc.Controllers.ControllerFactoryProvider.<>c__DisplayClass6_0.<CreateControllerFactory>g__CreateController|0(ControllerContext controllerContext)
   at Microsoft.AspNetCore.Mvc.Infrastructure.ControllerActionInvoker.Next(State& next, Scope& scope, Object& state, Boolean& isCompleted)
   at Microsoft.AspNetCore.Mvc.Infrastructure.ControllerActionInvoker.InvokeInnerFilterAsync()
--- End of stack trace from previous location ---
   at Microsoft.AspNetCore.Mvc.Infrastructure.ResourceInvoker.<InvokeFilterPipelineAsync>g__Awaited|20_0(ResourceInvoker invoker, Task lastTask, State next, Scope scope, Object state, Boolean isCompleted)
   at Microsoft.AspNetCore.Mvc.Infrastructure.ResourceInvoker.<InvokeAsync>g__Awaited|17_0(ResourceInvoker invoker, Task task, IDisposable scope)
   at Microsoft.AspNetCore.Mvc.Infrastructure.ResourceInvoker.<InvokeAsync>g__Awaited|17_0(ResourceInvoker invoker, Task task, IDisposable scope)
   at Swashbuckle.AspNetCore.SwaggerUI.SwaggerUIMiddleware.Invoke(HttpContext httpContext)
   at Swashbuckle.AspNetCore.Swagger.SwaggerMiddleware.Invoke(HttpContext httpContext, ISwaggerProvider swaggerProvider)
   at Serilog.AspNetCore.RequestLoggingMiddleware.Invoke(HttpContext httpContext)
2025-02-22 15:26:01.950 +00:00 [ERR] Unable to resolve service for type 'MacSolutions.Application.Services.PerformanceZoneService' while attempting to activate 'MacSolutions.API.Controllers.PlantPerformanceController'.
System.InvalidOperationException: Unable to resolve service for type 'MacSolutions.Application.Services.PerformanceZoneService' while attempting to activate 'MacSolutions.API.Controllers.PlantPerformanceController'.
   at Microsoft.Extensions.DependencyInjection.ActivatorUtilities.ThrowHelperUnableToResolveService(Type type, Type requiredBy)
   at lambda_method3(Closure, IServiceProvider, Object[])
   at Microsoft.AspNetCore.Mvc.Controllers.ControllerFactoryProvider.<>c__DisplayClass6_0.<CreateControllerFactory>g__CreateController|0(ControllerContext controllerContext)
   at Microsoft.AspNetCore.Mvc.Infrastructure.ControllerActionInvoker.Next(State& next, Scope& scope, Object& state, Boolean& isCompleted)
   at Microsoft.AspNetCore.Mvc.Infrastructure.ControllerActionInvoker.InvokeInnerFilterAsync()
--- End of stack trace from previous location ---
   at Microsoft.AspNetCore.Mvc.Infrastructure.ResourceInvoker.<InvokeFilterPipelineAsync>g__Awaited|20_0(ResourceInvoker invoker, Task lastTask, State next, Scope scope, Object state, Boolean isCompleted)
   at Microsoft.AspNetCore.Mvc.Infrastructure.ResourceInvoker.<InvokeAsync>g__Awaited|17_0(ResourceInvoker invoker, Task task, IDisposable scope)
   at Microsoft.AspNetCore.Mvc.Infrastructure.ResourceInvoker.<InvokeAsync>g__Awaited|17_0(ResourceInvoker invoker, Task task, IDisposable scope)
   at Swashbuckle.AspNetCore.SwaggerUI.SwaggerUIMiddleware.Invoke(HttpContext httpContext)
   at Swashbuckle.AspNetCore.Swagger.SwaggerMiddleware.Invoke(HttpContext httpContext, ISwaggerProvider swaggerProvider)
   at Serilog.AspNetCore.RequestLoggingMiddleware.Invoke(HttpContext httpContext)
   at MacSolutions.API.Middlewares.ErrorHandlingMiddleware.InvokeAsync(HttpContext context, RequestDelegate next) in /Users/manjula/SandBox/MAC_Assignment/MacSolutions.API/Middlewares/ErrorHandlingMiddleware.cs:line 11
2025-02-22 15:30:35.088 +00:00 [WRN] Failed to determine the https port for redirect.
2025-02-22 15:30:41.648 +00:00 [INF] HTTP POST /api/PlantPerformance/determinezone responded 200 in 6565.5238 ms
2025-02-22 17:37:55.592 +00:00 [INF] HTTP GET /swagger/index.js responded 200 in 1.8851 ms
2025-02-22 17:37:55.576 +00:00 [INF] HTTP GET /swagger/index.html responded 200 in 30.2884 ms
2025-02-22 17:37:55.758 +00:00 [INF] HTTP GET /swagger/v1/swagger.json responded 200 in 42.2502 ms
2025-02-22 17:38:21.702 +00:00 [WRN] Failed to determine the https port for redirect.
2025-02-22 17:38:21.740 +00:00 [INF] HTTP POST /api/PlantPerformance/determinezone responded 200 in 43.5480 ms
2025-02-22 17:39:12.894 +00:00 [INF] HTTP POST /api/PlantPerformance/determinezone responded 200 in 2.2993 ms
2025-02-22 17:39:21.519 +00:00 [INF] HTTP POST /api/PlantPerformance/determinezone responded 200 in 0.9427 ms
2025-02-22 17:39:28.715 +00:00 [INF] HTTP POST /api/PlantPerformance/determinezone responded 200 in 1.0448 ms
2025-02-22 17:39:34.152 +00:00 [INF] HTTP POST /api/PlantPerformance/determinezone responded 200 in 0.6027 ms
2025-02-22 18:38:35.416 +00:00 [INF] HTTP GET /swagger/index.js responded 200 in 1.0888 ms
2025-02-22 18:38:35.400 +00:00 [INF] HTTP GET /swagger/index.html responded 200 in 28.6825 ms
2025-02-22 18:38:35.582 +00:00 [INF] HTTP GET /swagger/v1/swagger.json responded 200 in 45.2185 ms
2025-02-22 18:38:55.481 +00:00 [WRN] Failed to determine the https port for redirect.
2025-02-22 18:38:55.510 +00:00 [INF] HTTP POST /api/PlantPerformance/determinezone responded 400 in 34.0632 ms
2025-02-22 18:39:03.160 +00:00 [INF] HTTP POST /api/PlantPerformance/determinezone responded 400 in 1.1006 ms
2025-02-22 18:39:23.718 +00:00 [INF] HTTP POST /api/PlantPerformance/determinezone responded 400 in 0.8379 ms
2025-02-22 18:39:28.802 +00:00 [INF] HTTP POST /api/PlantPerformance/determinezone responded 200 in 20.9644 ms
2025-02-22 18:39:41.434 +00:00 [INF] HTTP POST /api/PlantPerformance/determinezone responded 200 in 1.2108 ms
2025-02-22 18:39:52.772 +00:00 [INF] HTTP POST /api/PlantPerformance/determinezone responded 400 in 0.5137 ms
2025-02-22 18:39:57.726 +00:00 [INF] HTTP POST /api/PlantPerformance/determinezone responded 200 in 0.7331 ms
2025-02-22 18:52:36.300 +00:00 [WRN] Failed to determine the https port for redirect.
2025-02-22 18:52:36.353 +00:00 [INF] HTTP POST /api/PlantPerformance/determinezone responded 200 in 60.1313 ms
2025-02-22 18:52:52.056 +00:00 [INF] HTTP POST /api/PlantPerformance/determinezone responded 200 in 2.3672 ms
2025-02-22 18:52:56.281 +00:00 [INF] HTTP POST /api/PlantPerformance/determinezone responded 200 in 1.1523 ms
2025-02-22 18:53:13.487 +00:00 [INF] HTTP POST /api/PlantPerformance/determinezone responded 200 in 0.8474 ms
2025-02-22 18:53:17.520 +00:00 [INF] HTTP POST /api/PlantPerformance/determinezone responded 200 in 0.8747 ms
2025-02-22 18:53:30.012 +00:00 [INF] HTTP POST /api/PlantPerformance/determinezone responded 200 in 0.4402 ms
2025-02-22 18:53:39.072 +00:00 [INF] HTTP POST /api/PlantPerformance/determinezone responded 200 in 0.7085 ms
2025-02-22 18:53:43.265 +00:00 [INF] HTTP POST /api/PlantPerformance/determinezone responded 200 in 0.6297 ms
2025-02-22 18:53:43.949 +00:00 [INF] HTTP POST /api/PlantPerformance/determinezone responded 200 in 0.6683 ms
2025-02-22 18:53:47.767 +00:00 [INF] HTTP POST /api/PlantPerformance/determinezone responded 200 in 0.7548 ms
2025-02-22 18:53:51.471 +00:00 [INF] HTTP POST /api/PlantPerformance/determinezone responded 200 in 0.8313 ms
2025-02-22 18:55:14.615 +00:00 [INF] HTTP POST /api/PlantPerformance/determinezone responded 200 in 0.6084 ms
2025-02-22 18:55:53.400 +00:00 [INF] HTTP POST /api/PlantPerformance/determinezone responded 200 in 0.4239 ms
2025-02-22 18:55:59.676 +00:00 [INF] HTTP POST /api/PlantPerformance/determinezone responded 200 in 0.6139 ms
2025-02-22 18:56:05.144 +00:00 [INF] HTTP POST /api/PlantPerformance/determinezone responded 200 in 0.8406 ms
2025-02-22 18:56:11.328 +00:00 [INF] HTTP POST /api/PlantPerformance/determinezone responded 200 in 1.0201 ms
2025-02-22 18:56:15.760 +00:00 [INF] HTTP POST /api/PlantPerformance/determinezone responded 400 in 2.4187 ms
2025-02-22 18:56:26.954 +00:00 [INF] HTTP POST /api/PlantPerformance/determinezone responded 200 in 0.2963 ms
2025-02-22 18:56:32.319 +00:00 [INF] HTTP POST /api/PlantPerformance/determinezone responded 200 in 0.7119 ms
2025-02-22 18:56:41.630 +00:00 [INF] HTTP POST /api/PlantPerformance/determinezone responded 200 in 1.2569 ms
2025-02-22 18:56:59.721 +00:00 [INF] HTTP POST /api/PlantPerformance/determinezone responded 200 in 0.7712 ms
2025-02-22 18:57:03.103 +00:00 [INF] HTTP POST /api/PlantPerformance/determinezone responded 200 in 0.9546 ms
2025-02-22 19:03:04.289 +00:00 [INF] HTTP POST /api/PlantPerformance/determinezone responded 200 in 8.4414 ms
2025-02-22 19:03:11.934 +00:00 [INF] HTTP POST /api/PlantPerformance/determinezone responded 200 in 0.4791 ms
2025-02-22 19:03:15.991 +00:00 [INF] HTTP POST /api/PlantPerformance/determinezone responded 200 in 0.8707 ms
2025-02-22 19:03:25.842 +00:00 [INF] HTTP POST /api/PlantPerformance/determinezone responded 200 in 0.6130 ms
2025-02-22 19:03:33.579 +00:00 [INF] HTTP POST /api/PlantPerformance/determinezone responded 200 in 0.3175 ms
2025-02-22 19:03:39.724 +00:00 [INF] HTTP POST /api/PlantPerformance/determinezone responded 200 in 0.6673 ms
2025-02-22 19:03:49.319 +00:00 [INF] HTTP POST /api/PlantPerformance/determinezone responded 200 in 0.6474 ms
2025-02-22 19:04:13.998 +00:00 [INF] HTTP POST /api/PlantPerformance/determinezone responded 200 in 0.5101 ms
2025-02-22 19:04:20.294 +00:00 [INF] HTTP POST /api/PlantPerformance/determinezone responded 200 in 0.7580 ms
2025-02-22 19:04:30.775 +00:00 [INF] HTTP POST /api/PlantPerformance/determinezone responded 200 in 0.6838 ms
2025-02-22 19:04:48.614 +00:00 [INF] HTTP POST /api/PlantPerformance/determinezone responded 200 in 0.4571 ms
2025-02-22 19:04:53.781 +00:00 [INF] HTTP POST /api/PlantPerformance/determinezone responded 200 in 0.4026 ms
2025-02-22 19:05:05.210 +00:00 [INF] HTTP POST /api/PlantPerformance/determinezone responded 200 in 0.3709 ms
2025-02-22 19:05:11.599 +00:00 [INF] HTTP POST /api/PlantPerformance/determinezone responded 200 in 0.4260 ms
2025-02-22 19:05:21.703 +00:00 [INF] HTTP POST /api/PlantPerformance/determinezone responded 200 in 0.4236 ms
2025-02-22 19:05:26.822 +00:00 [INF] HTTP POST /api/PlantPerformance/determinezone responded 200 in 0.4121 ms
2025-02-22 19:05:27.809 +00:00 [INF] HTTP POST /api/PlantPerformance/determinezone responded 200 in 0.1250 ms
2025-02-22 19:05:28.872 +00:00 [INF] HTTP POST /api/PlantPerformance/determinezone responded 200 in 0.3447 ms
2025-02-22 19:05:29.557 +00:00 [INF] HTTP POST /api/PlantPerformance/determinezone responded 200 in 0.3673 ms
2025-02-22 19:05:30.036 +00:00 [INF] HTTP POST /api/PlantPerformance/determinezone responded 200 in 0.3983 ms
2025-02-22 19:06:35.366 +00:00 [INF] HTTP POST /api/PlantPerformance/determinezone responded 200 in 0.5373 ms
2025-02-22 19:06:54.198 +00:00 [INF] HTTP POST /api/PlantPerformance/determinezone responded 200 in 0.3457 ms
2025-02-22 19:08:49.912 +00:00 [WRN] Failed to determine the https port for redirect.
2025-02-22 19:10:41.508 +00:00 [INF] HTTP POST /api/PlantPerformance/determinezone responded 200 in 111601.1110 ms
2025-02-22 19:11:54.389 +00:00 [INF] HTTP POST /api/PlantPerformance/determinezone responded 200 in 36847.7166 ms
2025-02-22 19:12:13.884 +00:00 [INF] HTTP POST /api/PlantPerformance/determinezone responded 200 in 1.8117 ms
2025-02-22 19:12:17.501 +00:00 [INF] HTTP POST /api/PlantPerformance/determinezone responded 200 in 0.7142 ms
2025-02-22 20:08:40.426 +00:00 [WRN] Failed to determine the https port for redirect.
2025-02-22 20:08:52.394 +00:00 [INF] HTTP POST /api/PlantPerformance/determinezone responded 200 in 11973.2670 ms
2025-02-22 20:09:12.026 +00:00 [INF] HTTP POST /api/PlantPerformance/determinezone responded 200 in 11748.9515 ms
2025-02-22 20:09:33.161 +00:00 [INF] HTTP POST /api/PlantPerformance/determinezone responded 200 in 2663.9849 ms
2025-02-22 20:09:44.937 +00:00 [INF] HTTP POST /api/PlantPerformance/determinezone responded 200 in 2558.3454 ms
2025-02-22 20:09:57.553 +00:00 [INF] HTTP POST /api/PlantPerformance/determinezone responded 200 in 4382.2900 ms
2025-02-22 20:10:17.229 +00:00 [INF] HTTP POST /api/PlantPerformance/determinezone responded 200 in 2010.4866 ms
2025-02-22 20:10:43.931 +00:00 [INF] HTTP POST /api/PlantPerformance/determinezone responded 200 in 2458.0693 ms
2025-02-22 20:11:10.427 +00:00 [INF] HTTP POST /api/PlantPerformance/determinezone responded 200 in 19089.7757 ms
2025-02-22 20:22:35.312 +00:00 [WRN] Failed to determine the https port for redirect.
2025-02-22 20:22:35.370 +00:00 [INF] HTTP POST /api/PlantPerformance/determinezone responded 200 in 64.8874 ms
2025-02-22 20:22:48.168 +00:00 [INF] HTTP POST /api/PlantPerformance/determinezone responded 200 in 2.4785 ms
2025-02-22 20:22:52.860 +00:00 [INF] HTTP POST /api/PlantPerformance/determinezone responded 200 in 1.2621 ms
2025-02-22 20:23:00.397 +00:00 [INF] HTTP POST /api/PlantPerformance/determinezone responded 200 in 0.7162 ms
2025-02-22 20:23:10.643 +00:00 [INF] HTTP POST /api/PlantPerformance/determinezone responded 200 in 0.4319 ms
2025-02-22 20:23:16.730 +00:00 [INF] HTTP POST /api/PlantPerformance/determinezone responded 200 in 2.0588 ms
2025-02-22 20:23:30.317 +00:00 [INF] HTTP POST /api/PlantPerformance/determinezone responded 200 in 0.9652 ms
2025-02-22 20:23:38.722 +00:00 [INF] HTTP POST /api/PlantPerformance/determinezone responded 200 in 0.3365 ms
2025-02-22 20:23:39.707 +00:00 [INF] HTTP POST /api/PlantPerformance/determinezone responded 200 in 0.8644 ms
2025-02-22 20:23:42.868 +00:00 [INF] HTTP POST /api/PlantPerformance/determinezone responded 200 in 9.1166 ms
2025-02-22 20:23:48.261 +00:00 [INF] HTTP POST /api/PlantPerformance/determinezone responded 200 in 0.7570 ms
2025-02-22 20:24:05.636 +00:00 [INF] HTTP POST /api/PlantPerformance/determinezone responded 200 in 0.7151 ms
2025-02-22 20:24:11.638 +00:00 [INF] HTTP POST /api/PlantPerformance/determinezone responded 200 in 0.3610 ms
2025-02-22 20:24:22.469 +00:00 [INF] HTTP POST /api/PlantPerformance/determinezone responded 200 in 0.7285 ms
2025-02-22 20:24:27.475 +00:00 [INF] HTTP POST /api/PlantPerformance/determinezone responded 200 in 0.7181 ms
2025-02-22 20:24:31.819 +00:00 [INF] HTTP POST /api/PlantPerformance/determinezone responded 200 in 0.9360 ms
2025-02-22 20:24:36.355 +00:00 [INF] HTTP POST /api/PlantPerformance/determinezone responded 200 in 0.8669 ms
2025-02-22 20:24:42.403 +00:00 [INF] HTTP POST /api/PlantPerformance/determinezone responded 200 in 0.2747 ms
2025-02-22 20:31:03.423 +00:00 [WRN] Failed to determine the https port for redirect.
2025-02-22 20:31:03.479 +00:00 [INF] HTTP POST /api/PlantPerformance/determinezone responded 200 in 61.8060 ms
2025-02-22 20:31:10.843 +00:00 [INF] HTTP POST /api/PlantPerformance/determinezone responded 200 in 2.3909 ms
2025-02-22 20:31:16.113 +00:00 [INF] HTTP POST /api/PlantPerformance/determinezone responded 200 in 1.7142 ms
2025-02-22 20:31:20.181 +00:00 [INF] HTTP POST /api/PlantPerformance/determinezone responded 200 in 0.7619 ms
2025-02-22 20:31:24.700 +00:00 [INF] HTTP POST /api/PlantPerformance/determinezone responded 200 in 0.9164 ms
2025-02-22 20:31:29.317 +00:00 [INF] HTTP POST /api/PlantPerformance/determinezone responded 200 in 0.8147 ms
2025-02-22 20:33:28.422 +00:00 [WRN] Failed to determine the https port for redirect.
2025-02-22 20:33:28.477 +00:00 [INF] HTTP POST /api/PlantPerformance/determinezone responded 200 in 61.7915 ms
2025-02-22 20:33:29.475 +00:00 [INF] HTTP POST /api/PlantPerformance/determinezone responded 200 in 3.0273 ms
2025-02-22 20:33:30.481 +00:00 [INF] HTTP POST /api/PlantPerformance/determinezone responded 200 in 2.4171 ms
2025-02-22 20:34:00.379 +00:00 [WRN] Failed to determine the https port for redirect.
2025-02-22 20:34:00.433 +00:00 [INF] HTTP POST /api/PlantPerformance/determinezone responded 200 in 61.2612 ms
2025-02-22 20:34:02.900 +00:00 [INF] HTTP POST /api/PlantPerformance/determinezone responded 200 in 2.4764 ms
2025-02-22 20:34:09.009 +00:00 [INF] HTTP POST /api/PlantPerformance/determinezone responded 200 in 1.8207 ms
2025-02-22 20:34:26.966 +00:00 [INF] HTTP POST /api/PlantPerformance/determinezone responded 200 in 0.9300 ms
2025-02-22 20:34:28.652 +00:00 [INF] HTTP POST /api/PlantPerformance/determinezone responded 200 in 0.7329 ms
2025-02-22 20:34:34.756 +00:00 [INF] HTTP POST /api/PlantPerformance/determinezone responded 200 in 0.6678 ms
2025-02-22 20:34:38.183 +00:00 [INF] HTTP POST /api/PlantPerformance/determinezone responded 200 in 0.6198 ms
2025-02-22 20:34:42.477 +00:00 [INF] HTTP POST /api/PlantPerformance/determinezone responded 200 in 0.4235 ms
2025-02-22 20:34:46.924 +00:00 [INF] HTTP POST /api/PlantPerformance/determinezone responded 200 in 0.4118 ms
2025-02-22 20:34:50.506 +00:00 [INF] HTTP POST /api/PlantPerformance/determinezone responded 200 in 0.6130 ms
2025-02-22 20:37:49.593 +00:00 [WRN] Failed to determine the https port for redirect.
2025-02-22 20:37:49.644 +00:00 [INF] HTTP POST /api/PlantPerformance/determinezone responded 200 in 58.1944 ms
2025-02-22 20:37:54.558 +00:00 [INF] HTTP POST /api/PlantPerformance/determinezone responded 200 in 1.9519 ms
2025-02-22 20:37:58.159 +00:00 [INF] HTTP POST /api/PlantPerformance/determinezone responded 200 in 3.4810 ms
2025-02-22 20:38:04.831 +00:00 [INF] HTTP POST /api/PlantPerformance/determinezone responded 200 in 0.7416 ms
2025-02-22 20:38:17.271 +00:00 [INF] HTTP POST /api/PlantPerformance/determinezone responded 200 in 1.2049 ms
2025-02-22 20:38:18.279 +00:00 [INF] HTTP POST /api/PlantPerformance/determinezone responded 200 in 1.2375 ms
2025-02-22 20:38:21.622 +00:00 [INF] HTTP POST /api/PlantPerformance/determinezone responded 200 in 0.9282 ms
2025-02-22 20:41:18.308 +00:00 [WRN] Failed to determine the https port for redirect.
2025-02-22 20:41:51.221 +00:00 [INF] HTTP POST /api/PlantPerformance/determinezone responded 200 in 32919.5482 ms
2025-02-22 20:42:45.695 +00:00 [WRN] Failed to determine the https port for redirect.
2025-02-22 20:46:18.482 +00:00 [WRN] Failed to determine the https port for redirect.
2025-02-22 20:46:18.544 +00:00 [INF] HTTP POST /api/PlantPerformance/determinezone responded 200 in 68.1929 ms
2025-02-22 20:46:25.380 +00:00 [INF] HTTP POST /api/PlantPerformance/determinezone responded 200 in 2.4079 ms
2025-02-22 20:46:35.464 +00:00 [INF] HTTP POST /api/PlantPerformance/determinezone responded 200 in 1.8292 ms
2025-02-22 20:46:39.431 +00:00 [INF] HTTP POST /api/PlantPerformance/determinezone responded 200 in 0.8585 ms
2025-02-22 20:46:45.296 +00:00 [INF] HTTP POST /api/PlantPerformance/determinezone responded 400 in 1.6041 ms
2025-02-22 20:47:17.672 +00:00 [INF] HTTP POST /api/PlantPerformance/determinezone responded 200 in 0.7928 ms
2025-02-22 20:47:25.953 +00:00 [INF] HTTP POST /api/PlantPerformance/determinezone responded 200 in 0.6709 ms
2025-02-22 20:47:29.550 +00:00 [INF] HTTP POST /api/PlantPerformance/determinezone responded 200 in 0.3286 ms
2025-02-22 20:47:42.343 +00:00 [INF] HTTP POST /api/PlantPerformance/determinezone responded 200 in 0.6956 ms
2025-02-22 20:47:46.950 +00:00 [INF] HTTP POST /api/PlantPerformance/determinezone responded 200 in 0.4980 ms
2025-02-22 20:47:59.143 +00:00 [INF] HTTP POST /api/PlantPerformance/determinezone responded 200 in 0.4878 ms
2025-02-22 20:48:08.136 +00:00 [INF] HTTP POST /api/PlantPerformance/determinezone responded 200 in 0.8171 ms
2025-02-22 20:48:19.519 +00:00 [INF] HTTP POST /api/PlantPerformance/determinezone responded 200 in 0.4220 ms
2025-02-22 20:48:23.295 +00:00 [INF] HTTP POST /api/PlantPerformance/determinezone responded 200 in 0.8888 ms
2025-02-22 21:13:53.247 +00:00 [INF] HTTP GET /swagger/index.html responded 200 in 26.7448 ms
2025-02-22 21:13:53.263 +00:00 [INF] HTTP GET /swagger/index.js responded 200 in 1.9539 ms
2025-02-22 21:13:53.278 +00:00 [INF] HTTP GET /swagger/swagger-ui-bundle.js responded 200 in 16.8843 ms
2025-02-22 21:13:53.437 +00:00 [INF] HTTP GET /swagger/v1/swagger.json responded 200 in 43.1118 ms
2025-02-22 21:14:07.173 +00:00 [WRN] Failed to determine the https port for redirect.
2025-02-22 21:14:07.207 +00:00 [INF] HTTP POST /api/PlantPerformance/determinezone responded 200 in 40.1539 ms
2025-02-22 21:15:06.426 +00:00 [WRN] Failed to determine the https port for redirect.
2025-02-22 21:25:06.656 +00:00 [INF] HTTP POST /api/PlantPerformance/determinezone responded 200 in 600238.4148 ms
2025-02-22 21:29:43.565 +00:00 [WRN] Failed to determine the https port for redirect.
2025-02-22 21:30:13.956 +00:00 [INF] HTTP POST /api/PlantPerformance/determinezone responded 200 in 30396.3579 ms
2025-02-22 21:39:28.173 +00:00 [WRN] Failed to determine the https port for redirect.
2025-02-22 21:39:28.231 +00:00 [INF] HTTP POST /api/PlantPerformance/determinezone responded 200 in 64.7305 ms
2025-02-22 21:46:14.112 +00:00 [WRN] Failed to determine the https port for redirect.
2025-02-22 21:46:14.166 +00:00 [INF] HTTP POST /api/PlantPerformance/determinezone responded 200 in 60.8846 ms
2025-02-22 21:46:18.750 +00:00 [INF] HTTP POST /api/PlantPerformance/determinezone responded 200 in 1.7380 ms
2025-02-22 21:46:24.485 +00:00 [INF] HTTP POST /api/PlantPerformance/determinezone responded 200 in 3.1110 ms
2025-02-22 21:46:30.275 +00:00 [INF] HTTP POST /api/PlantPerformance/determinezone responded 200 in 0.4191 ms
2025-02-22 21:46:33.801 +00:00 [INF] HTTP POST /api/PlantPerformance/determinezone responded 200 in 0.5116 ms
2025-02-22 21:46:41.050 +00:00 [INF] HTTP POST /api/PlantPerformance/determinezone responded 200 in 1.6805 ms
2025-02-22 21:46:45.680 +00:00 [INF] HTTP POST /api/PlantPerformance/determinezone responded 200 in 0.7330 ms
2025-02-22 21:46:49.463 +00:00 [INF] HTTP POST /api/PlantPerformance/determinezone responded 200 in 0.7021 ms
2025-02-22 21:46:57.859 +00:00 [INF] HTTP POST /api/PlantPerformance/determinezone responded 200 in 1.1351 ms
2025-02-22 21:47:15.969 +00:00 [INF] HTTP POST /api/PlantPerformance/determinezone responded 200 in 0.8008 ms
2025-02-22 21:47:27.872 +00:00 [INF] HTTP POST /api/PlantPerformance/determinezone responded 200 in 0.6651 ms
2025-02-22 21:47:33.848 +00:00 [INF] HTTP POST /api/PlantPerformance/determinezone responded 200 in 0.4846 ms
2025-02-22 21:47:37.816 +00:00 [INF] HTTP POST /api/PlantPerformance/determinezone responded 200 in 0.8666 ms
2025-02-22 21:47:51.487 +00:00 [INF] HTTP POST /api/PlantPerformance/determinezone responded 200 in 0.3326 ms
2025-02-22 21:47:58.090 +00:00 [INF] HTTP POST /api/PlantPerformance/determinezone responded 400 in 1.2165 ms
2025-02-22 21:48:02.986 +00:00 [INF] HTTP POST /api/PlantPerformance/determinezone responded 200 in 8.3891 ms
2025-02-22 21:48:12.338 +00:00 [INF] HTTP POST /api/PlantPerformance/determinezone responded 200 in 0.8951 ms
2025-02-22 21:49:55.466 +00:00 [WRN] Failed to determine the https port for redirect.
2025-02-22 21:49:55.525 +00:00 [INF] HTTP POST /api/PlantPerformance/determinezone responded 200 in 65.5324 ms
2025-02-22 21:49:57.069 +00:00 [INF] HTTP POST /api/PlantPerformance/determinezone responded 200 in 2.3326 ms
2025-02-22 21:50:04.837 +00:00 [INF] HTTP POST /api/PlantPerformance/determinezone responded 200 in 2.0485 ms
2025-02-22 21:50:26.103 +00:00 [INF] HTTP POST /api/PlantPerformance/determinezone responded 200 in 0.3746 ms
